Determining if the log exist failed with the following output:
Change Dir: /mnt/c/users/ekore/Desktop/OSS_2021/oss-repo-template/labs/lab-05/cmake/help/guide/tutorial/step5_build/CMakeFiles/CMakeTmp

Run Build Command(s):/usr/bin/make cmTC_0a345/fast && /usr/bin/make -f CMakeFiles/cmTC_0a345.dir/build.make CMakeFiles/cmTC_0a345.dir/build
make[1]: Entering directory '/mnt/c/users/ekore/Desktop/OSS_2021/oss-repo-template/labs/lab-05/cmake/help/guide/tutorial/step5_build/CMakeFiles/CMakeTmp'
Building C object CMakeFiles/cmTC_0a345.dir/CheckSymbolExists.c.o
/usr/bin/cc    -o CMakeFiles/cmTC_0a345.dir/CheckSymbolExists.c.o   -c /mnt/c/users/ekore/Desktop/OSS_2021/oss-repo-template/labs/lab-05/cmake/help/guide/tutorial/step5_build/CMakeFiles/CMakeTmp/CheckSymbolExists.c
Linking C executable cmTC_0a345
/usr/bin/cmake -E cmake_link_script CMakeFiles/cmTC_0a345.dir/link.txt --verbose=1
/usr/bin/cc      CMakeFiles/cmTC_0a345.dir/CheckSymbolExists.c.o  -o cmTC_0a345 
/usr/bin/ld: CMakeFiles/cmTC_0a345.dir/CheckSymbolExists.c.o: in function `main':
CheckSymbolExists.c:(.text+0x1f): undefined reference to `log'
collect2: error: ld returned 1 exit status
make[1]: *** [CMakeFiles/cmTC_0a345.dir/build.make:87: cmTC_0a345] Error 1
make[1]: Leaving directory '/mnt/c/users/ekore/Desktop/OSS_2021/oss-repo-template/labs/lab-05/cmake/help/guide/tutorial/step5_build/CMakeFiles/CMakeTmp'
make: *** [Makefile:121: cmTC_0a345/fast] Error 2


File /mnt/c/users/ekore/Desktop/OSS_2021/oss-repo-template/labs/lab-05/cmake/help/guide/tutorial/step5_build/CMakeFiles/CMakeTmp/CheckSymbolExists.c:
/* */
#include <math.h>

int main(int argc, char** argv)
{
  (void)argv;
#ifndef log
  return ((int*)(&log))[argc];
#else
  (void)argc;
  return 0;
#endif
}
Determining if the exp exist failed with the following output:
Change Dir: /mnt/c/users/ekore/Desktop/OSS_2021/oss-repo-template/labs/lab-05/cmake/help/guide/tutorial/step5_build/CMakeFiles/CMakeTmp

Run Build Command(s):/usr/bin/make cmTC_656ca/fast && /usr/bin/make -f CMakeFiles/cmTC_656ca.dir/build.make CMakeFiles/cmTC_656ca.dir/build
make[1]: Entering directory '/mnt/c/users/ekore/Desktop/OSS_2021/oss-repo-template/labs/lab-05/cmake/help/guide/tutorial/step5_build/CMakeFiles/CMakeTmp'
Building C object CMakeFiles/cmTC_656ca.dir/CheckSymbolExists.c.o
/usr/bin/cc    -o CMakeFiles/cmTC_656ca.dir/CheckSymbolExists.c.o   -c /mnt/c/users/ekore/Desktop/OSS_2021/oss-repo-template/labs/lab-05/cmake/help/guide/tutorial/step5_build/CMakeFiles/CMakeTmp/CheckSymbolExists.c
Linking C executable cmTC_656ca
/usr/bin/cmake -E cmake_link_script CMakeFiles/cmTC_656ca.dir/link.txt --verbose=1
/usr/bin/cc      CMakeFiles/cmTC_656ca.dir/CheckSymbolExists.c.o  -o cmTC_656ca 
/usr/bin/ld: CMakeFiles/cmTC_656ca.dir/CheckSymbolExists.c.o: in function `main':
CheckSymbolExists.c:(.text+0x1f): undefined reference to `exp'
collect2: error: ld returned 1 exit status
make[1]: *** [CMakeFiles/cmTC_656ca.dir/build.make:87: cmTC_656ca] Error 1
make[1]: Leaving directory '/mnt/c/users/ekore/Desktop/OSS_2021/oss-repo-template/labs/lab-05/cmake/help/guide/tutorial/step5_build/CMakeFiles/CMakeTmp'
make: *** [Makefile:121: cmTC_656ca/fast] Error 2


File /mnt/c/users/ekore/Desktop/OSS_2021/oss-repo-template/labs/lab-05/cmake/help/guide/tutorial/step5_build/CMakeFiles/CMakeTmp/CheckSymbolExists.c:
/* */
#include <math.h>

int main(int argc, char** argv)
{
  (void)argv;
#ifndef exp
  return ((int*)(&exp))[argc];
#else
  (void)argc;
  return 0;
#endif
}
